[2017-10-30 16:11:57] mi_logger.INFO: Something interesting happened [] []
[2017-10-30 16:13:22] mi_logger.INFO: Something interesting happened [] []
[2017-10-30 16:13:22] mi_logger.ERROR: Se ha jodido todo [] []
[2017-11-01 10:49:20] logger.INFO: DSN=DSN [] []
[2017-11-01 10:52:12] logger.INFO: DSN=kaka [] []
[2017-11-01 10:53:23] logger.INFO: DSN= {"dsn":"DSN"} []
[2017-11-01 10:55:17] logger.INFO: DSN= {"dsn":"DSN"} []
[2017-11-01 10:55:32] logger.INFO: DSN= {"dsn":"DSN"} []
[2017-11-01 10:57:22] logger.INFO: DSN= {"dsn":"mysql:host=localhost;dbname=test"} []
[2017-11-01 10:57:52] logger.INFO: DSN= {"dsn":"mysql:host=localhost;dbname=test"} []
[2017-11-01 10:59:55] logger.INFO: DSN= {"dsn":"mysql:host=localhost;dbname=test"} []
[2017-11-01 11:06:12] logger.INFO: DSN= {"dsn":"mysql:host=localhost;dbname=test"} []
[2017-11-01 11:06:59] logger.INFO: DSN= {"dsn":"mysql:host=localhost;dbname=test"} []
[2017-11-01 11:07:05] logger.INFO: DSN= {"dsn":"mysql:host=localhost;dbname=test"} []
[2017-11-01 11:07:56] logger.INFO: DSN= {"dsn":"mysql:host=localhost;dbname=test"} []
[2017-11-01 11:07:58] logger.INFO: DSN= {"dsn":"mysql:host=localhost;dbname=test"} []
[2017-11-01 11:08:21] logger.INFO: DSN= {"dsn":"mysql:host=localhost;dbname=test"} []
[2017-11-01 11:08:30] logger.INFO: DSN= {"dsn":"mysql:host=localhost;dbname=test"} []
[2017-11-01 11:08:34] logger.INFO: DSN= {"dsn":"mysql:host=localhost;dbname=test"} []
[2017-11-01 11:08:41] logger.INFO: DSN= {"dsn":"mysql:host=localhost;dbname=test"} []
[2017-11-01 11:41:36] logger.INFO: DSN= {"dsn":"mysql:host=localhost;dbname=test"} []
[2017-11-01 12:13:24] logger.INFO: DSN= {"dsn":"mysql:host=localhost;dbname=test"} []
[2017-11-01 12:13:28] logger.INFO: DSN= {"dsn":"mysql:host=localhost;dbname=test"} []
[2017-11-01 14:45:35] logger.INFO: DSN= {"dsn":"mysql:host=localhost;dbname=test"} []
[2017-11-01 14:47:10] logger.INFO: DSN= {"dsn":"mysql:host=localhost;dbname=test"} []
[2017-11-01 14:47:37] logger.INFO: DSN= {"dsn":"mysql:host=localhost;dbname=test"} []
[2017-11-01 14:48:04] logger.INFO: DSN= {"dsn":"mysql:host=localhost;dbname=test"} []
[2017-11-01 17:54:49] logger.INFO: DSN= {"dsn":"mysql:host=localhost;dbname=test"} []
[2017-11-01 18:00:35] logger.INFO: DSN= {"dsn":"mysql:host=localhost;dbname=test"} []
[2017-11-01 18:01:43] logger.INFO: DSN= {"dsn":"mysql:host=localhost;dbname=test"} []
[2017-11-01 18:03:31] logger.INFO: DSN= {"dsn":"mysql:host=localhost;dbname=test"} []
[2017-11-01 18:26:28] logger.INFO: DSN= {"dsn":"mysql:host=localhost;dbname=test"} []
[2017-11-01 20:19:40] logger.INFO: DSN= {"dsn":"mysql:host=localhost;dbname=test"} []
[2017-11-01 20:20:41] logger.INFO: DSN= {"dsn":"mysql:host=localhost;dbname=test"} []
[2017-11-01 20:20:47] logger.INFO: DSN= {"dsn":"mysql:host=localhost;dbname=test"} []
[2017-11-01 20:24:39] logger.INFO: DSN= {"dsn":"mysql:host=localhost;dbname=test"} []
[2017-11-01 20:27:43] logger.INFO: DSN= {"dsn":"mysql:host=localhost;dbname=test"} []
[2017-11-01 20:28:22] logger.INFO: DSN= {"dsn":"mysql:host=localhost;dbname=test"} []
[2017-11-01 20:35:49] logger.INFO: DSN= {"dsn":"mysql:host=localhost;dbname=test"} []
[2017-11-01 20:36:26] logger.INFO: DSN= {"dsn":"mysql:host=localhost;dbname=test"} []
[2017-11-01 20:39:03] logger.INFO: DSN= {"dsn":"mysql:host=localhost;dbname=test"} []
[2017-11-01 20:39:19] logger.INFO: DSN= {"dsn":"mysql:host=localhost;dbname=test"} []
[2017-11-01 20:40:38] logger.INFO: DSN= {"dsn":"mysql:host=localhost;dbname=test"} []
[2017-11-01 20:44:09] logger.INFO: DSN= {"dsn":"mysql:host=localhost;dbname=test"} []
[2017-11-01 20:46:18] logger.INFO: DSN= {"dsn":"mysql:host=localhost;dbname=test"} []
[2017-11-01 20:47:05] logger.INFO: DSN= {"dsn":"mysql:host=localhost;dbname=test"} []
[2017-11-01 20:47:34] logger.INFO: DSN= {"dsn":"mysql:host=localhost;dbname=test"} []
[2017-11-01 20:47:39] logger.INFO: DSN= {"dsn":"mysql:host=localhost;dbname=test"} []
[2017-11-01 21:08:50] logger.INFO: DSN= {"dsn":"mysql:host=localhost;dbname=test"} []
[2017-11-01 21:11:46] logger.INFO: DSN= {"dsn":"mysql:host=localhost;dbname=test"} []
[2017-11-01 21:12:14] logger.INFO: DSN= {"dsn":"mysql:host=localhost;dbname=test"} []
[2017-11-01 21:12:37] logger.INFO: DSN= {"dsn":"mysql:host=localhost;dbname=test"} []
[2017-11-01 21:12:50] logger.INFO: DSN= {"dsn":"mysql:host=localhost;dbname=test"} []
[2017-11-01 21:13:28] logger.INFO: DSN= {"dsn":"mysql:host=localhost;dbname=test"} []
[2017-11-01 21:13:45] logger.INFO: DSN= {"dsn":"mysql:host=localhost;dbname=test"} []
[2017-11-01 21:14:42] logger.INFO: DSN= {"dsn":"mysql:host=localhost;dbname=test"} []
[2017-11-01 21:14:43] logger.INFO: DSN= {"dsn":"mysql:host=localhost;dbname=test"} []
[2017-11-01 21:16:49] logger.INFO: DSN= {"dsn":"mysql:host=localhost;dbname=test"} []
[2017-11-01 21:17:03] logger.INFO: DSN= {"dsn":"mysql:host=localhost;dbname=test"} []
[2017-11-01 21:23:00] logger.INFO: DSN= {"dsn":"mysql:host=localhost;dbname=test"} []
[2017-11-01 21:28:08] logger.INFO: DSN= {"dsn":"mysql:host=localhost;dbname=test"} []
[2017-11-01 21:29:21] logger.INFO: DSN= {"dsn":"mysql:host=localhost;dbname=test"} []
[2017-11-01 21:31:06] logger.INFO: DSN= {"dsn":"mysql:host=localhost;dbname=test"} []
[2017-11-01 21:33:15] logger.INFO: DSN= {"dsn":"mysql:host=localhost;dbname=test"} []
